<?xml version="1.0" encoding="UTF-8"?>
<!-- Generated by org.testng.reporters.JUnitXMLReporter -->
<testsuite hostname="JESS-DELL-LAPTOP-PNJ8QBL" ignored="0" name="Test" tests="4" failures="2" timestamp="31 May 2021 06:14:13 GMT" time="65.99" errors="0">
  <testcase name="chatLoads" time="0.404" classname="com.pager.testcases.ChatAppTest2"/>
  <testcase name="joinChat" time="0.077" classname="com.pager.testcases.ChatAppTest2">
    <failure type="java.lang.NullPointerException">
      <![CDATA[java.lang.NullPointerException
	at com.pager.utility.ExcelDataProvider.getStringData(ExcelDataProvider.java:42)
	at com.pager.pages.ChatHomePage.enterUsername(ChatHomePage.java:42)
	at com.pager.testcases.ChatAppTest2.joinChat(ChatAppTest2.java:49)
... Removed 25 stack frames]]>
    </failure>
  </testcase> <!-- joinChat -->
  <testcase name="sendAMessage" time="0.0" classname="com.pager.testcases.ChatAppTest2">
    <skipped/>
  </testcase> <!-- sendAMessage -->
  <testcase name="signoutOfChat" time="30.082" classname="com.pager.testcases.ChatAppTest2">
    <failure type="org.openqa.selenium.NoSuchElementException" message="no such element: Unable to locate element: {&amp;quot;method&amp;quot;:&amp;quot;css selector&amp;quot;,&amp;quot;selector&amp;quot;:&amp;quot;button.btn-logout&amp;quot;}
  (Session info: MicrosoftEdge=91.0.864.37)
For documentation on this error, please visit: https://www.seleniumhq.org/exceptions/no_such_element.html
Build info: version: &amp;apos;3.141.59&amp;apos;, revision: &amp;apos;e82be7d358&amp;apos;, time: &amp;apos;2018-11-14T08:17:03&amp;apos;
System info: host: &amp;apos;JESS-DELL-LAPTO&amp;apos;, ip: &amp;apos;192.168.1.197&amp;apos;, os.name: &amp;apos;Windows 10&amp;apos;, os.arch: &amp;apos;amd64&amp;apos;, os.version: &amp;apos;10.0&amp;apos;, java.version: &amp;apos;1.8.0_291&amp;apos;
Driver info: org.openqa.selenium.edge.EdgeDriver
Capabilities {acceptInsecureCerts: false, browserName: msedge, browserVersion: 91.0.864.37, javascriptEnabled: true, ms:edgeOptions: {debuggerAddress: localhost:51503}, msedge: {msedgedriverVersion: 91.0.864.37 (ef0020ad63bb4f..., userDataDir: C:\Users\JFigu\AppData\Loca...}, networkConnectionEnabled: false, pageLoadStrategy: normal, platform: WINDOWS, platformName: WINDOWS, proxy: Proxy(), setWindowRect: true, strictFileInteractability: false, timeouts: {implicit: 0, pageLoad: 300000, script: 30000}, unhandledPromptBehavior: dismiss and notify, webauthn:extension:largeBlob: true, webauthn:virtualAuthenticators: true}
Session ID: 6e67064d029d401c740758eef721a0f9
*** Element info: {Using=css selector, value=button.btn-logout}">
      <![CDATA[org.openqa.selenium.NoSuchElementException: no such element: Unable to locate element: {"method":"css selector","selector":"button.btn-logout"}
  (Session info: MicrosoftEdge=91.0.864.37)
For documentation on this error, please visit: https://www.seleniumhq.org/exceptions/no_such_element.html
Build info: version: '3.141.59', revision: 'e82be7d358', time: '2018-11-14T08:17:03'
System info: host: 'JESS-DELL-LAPTO', ip: '192.168.1.197', os.name: 'Windows 10', os.arch: 'amd64', os.version: '10.0', java.version: '1.8.0_291'
Driver info: org.openqa.selenium.edge.EdgeDriver
Capabilities {acceptInsecureCerts: false, browserName: msedge, browserVersion: 91.0.864.37, javascriptEnabled: true, ms:edgeOptions: {debuggerAddress: localhost:51503}, msedge: {msedgedriverVersion: 91.0.864.37 (ef0020ad63bb4f..., userDataDir: C:\Users\JFigu\AppData\Loca...}, networkConnectionEnabled: false, pageLoadStrategy: normal, platform: WINDOWS, platformName: WINDOWS, proxy: Proxy(), setWindowRect: true, strictFileInteractability: false, timeouts: {implicit: 0, pageLoad: 300000, script: 30000}, unhandledPromptBehavior: dismiss and notify, webauthn:extension:largeBlob: true, webauthn:virtualAuthenticators: true}
Session ID: 6e67064d029d401c740758eef721a0f9
*** Element info: {Using=css selector, value=button.btn-logout}
	at org.openqa.selenium.remote.http.W3CHttpResponseCodec.createException(W3CHttpResponseCodec.java:187)
	at org.openqa.selenium.remote.http.W3CHttpResponseCodec.decode(W3CHttpResponseCodec.java:122)
	at org.openqa.selenium.remote.http.W3CHttpResponseCodec.decode(W3CHttpResponseCodec.java:49)
	at org.openqa.selenium.remote.HttpCommandExecutor.execute(HttpCommandExecutor.java:158)
	at org.openqa.selenium.remote.service.DriverCommandExecutor.execute(DriverCommandExecutor.java:83)
	at org.openqa.selenium.remote.RemoteWebDriver.execute(RemoteWebDriver.java:552)
	at org.openqa.selenium.remote.RemoteWebDriver.findElement(RemoteWebDriver.java:323)
	at org.openqa.selenium.remote.RemoteWebDriver.findElementByCssSelector(RemoteWebDriver.java:420)
	at org.openqa.selenium.By$ByCssSelector.findElement(By.java:431)
	at org.openqa.selenium.remote.RemoteWebDriver.findElement(RemoteWebDriver.java:315)
	at org.openqa.selenium.support.pagefactory.DefaultElementLocator.findElement(DefaultElementLocator.java:69)
	at org.openqa.selenium.support.pagefactory.internal.LocatingElementHandler.invoke(LocatingElementHandler.java:38)
	at com.sun.proxy.$Proxy14.click(Unknown Source)
	at com.pager.pages.ChatPage.signOut(ChatPage.java:57)
	at com.pager.testcases.ChatAppTest2.signoutOfChat(ChatAppTest2.java:98)
... Removed 29 stack frames]]>
    </failure>
  </testcase> <!-- signoutOfChat -->
</testsuite> <!-- Test -->
